============================= test session starts =============================
platform win32 -- Python 3.10.6, pytest-9.0.2, pluggy-1.6.0 -- d:\AI_Learnigns\MUD\python-sidecar\.venv\Scripts\python.exe
cachedir: .pytest_cache
rootdir: d:\AI_Learnigns\MUD\python-sidecar
configfile: pyproject.toml
plugins: anyio-4.12.1, asyncio-1.3.0, cov-7.0.0
asyncio: mode=auto, debug=False, asyncio_default_fixture_loop_scope=None, asyncio_default_test_loop_scope=function
collecting ... collected 20 items / 5 deselected / 15 selected

tests/test_activity_pipeline.py::TestParseResponseWrapper::test_wrapper_format_extracted PASSED [  6%]
tests/test_activity_pipeline.py::TestParseResponseWrapper::test_wrapper_multiple_diagrams PASSED [ 13%]
tests/test_activity_pipeline.py::TestParseResponseWrapper::test_flat_format_still_works PASSED [ 20%]
tests/test_activity_pipeline.py::TestParseResponseWrapper::test_wrapper_no_longer_creates_empty_diagram PASSED [ 26%]
tests/test_activity_pipeline.py::TestMermaidExporterActivity::test_header PASSED [ 33%]
tests/test_activity_pipeline.py::TestMermaidExporterActivity::test_all_nodes_present PASSED [ 40%]
tests/test_activity_pipeline.py::TestMermaidExporterActivity::test_all_edges_present PASSED [ 46%]
tests/test_activity_pipeline.py::TestMermaidExporterActivity::test_guards_on_decision_edges PASSED [ 53%]
tests/test_activity_pipeline.py::TestMermaidExporterActivity::test_no_raw_pipe_in_output PASSED [ 60%]
tests/test_activity_pipeline.py::TestMermaidExporterActivity::test_decision_description_newline_stripped PASSED [ 66%]
tests/test_activity_pipeline.py::TestMermaidExporterActivity::test_c_logical_operators_sanitized PASSED [ 73%]
tests/test_activity_pipeline.py::TestMermaidExporterActivity::test_inline_export_returns_dict PASSED [ 80%]
tests/test_activity_pipeline.py::TestMermaidExporterActivity::test_export_to_file PASSED [ 86%]
tests/test_activity_pipeline.py::TestDrawIOExporterActivity::test_produces_xml_cells PASSED [ 93%]
tests/test_activity_pipeline.py::TestDrawIOExporterActivity::test_file_not_blank PASSED [100%]

====================== 15 passed, 5 deselected in 2.24s =======================
